0 info it worked if it ends with ok
1 verbose cli [ '/home/aaron/.nvm/v0.8.0/bin/node',
1 verbose cli   '/home/aaron/.nvm/v0.8.0/bin/npm',
1 verbose cli   'install' ]
2 info using npm@1.1.32
3 info using node@v0.8.0
4 verbose config file /home/aaron/.npmrc
5 verbose config file /home/aaron/.nvm/v0.8.0/etc/npmrc
6 verbose config file /home/aaron/.nvm/v0.8.0/lib/node_modules/npm/npmrc
7 verbose read json /home/aaron/development/repos/nsql/package.json
8 error install Couldn't read dependencies
9 error Failed to parse json
9 error Unexpected token }
10 error File: /home/aaron/development/repos/nsql/package.json
11 error Failed to parse package.json data.
11 error package.json must be actual JSON, not just JavaScript.
11 error
11 error This is not a bug in npm.
11 error Tell the package author to fix their package.json file. JSON.parse
12 error System Linux 2.6.39-bpo.2-486
13 error command "/home/aaron/.nvm/v0.8.0/bin/node" "/home/aaron/.nvm/v0.8.0/bin/npm" "install"
14 error cwd /home/aaron/development/repos/nsql
15 error node -v v0.8.0
16 error npm -v 1.1.32
17 error file /home/aaron/development/repos/nsql/package.json
18 error code EJSONPARSE
19 error message Failed to parse json
19 error message Unexpected token }
20 verbose exit [ 1, true ]
